Powdered Sugar
Olive
Strawberries
Pineapple
Mint
Cherry
Lemon
Orange
Lime
Lemon Peel
Orange Peel
Blood Orange
Pearl Onion
Bitters, Generic
Bitters, Angosta
Bitters, Orange
Bitters, Peach
Bitters, Hostetter
Bitters, Peychaud

Sweet Cream
Grenadine
Kola Tonic
Orange Marmalade
Orange-Flower Water
Ginger Extract
Cinnamon
Nutmeg
Juniper Berries
Lemonade
Worchestershire Sauce
Egg White
Lithia Water
Sparkling Cider
Sugar
Water
Egg Yolk
Vanilla Ice Cream
Soda Water
Peach Preserve
Ginger Ale
Lime Juice Cordial
Egg
Grapefruit Jelly
Raspberries
Milk
Boiling Water
Honey


