Brandy, Apple
Brandy, Apricot
Brandy, Cherry
Brandy, Generic
Brandy, Peach
Brandy, Ginger
Brandy, Raspberry
Brandy, Blackberry

Gin, Generic
Gin, Dry
Gin, Plymouth
Gin, Sloe
Gin, Tom
Gin, El Bart
Gin, Holland/Jenever
Gin, Orange
Gin, Beefeater

Rum, Swedish Punch
Rum, Generic
Rum, Jamaican
Rum, White
Rum, Bacardi

Vodka

Whiskey, Scotch
Whiskey, Generic
Whiskey, Rye
Whiskey, Irish
Whiskey, Corn
Whiskey, Bourbon

Kirsch
Pricota
Cherry Cordial
Abricotine
Cognac

Yellow Chartreuse
Creme de Cacao
Creme de Menthe
Maraschino
Kummel
Creme de Violette
Oxygenee Cusenier
Orange Curacao
Creme Yvette
Parfait Amour
White Creme de Menthe
Grand Marnier
Curacao
Calisaya
Anisette
Benedictine
Creme de Noyaux
Fernet Branca
Creme de Cassis
Forbidden Fruit Liquer
Peppermint Schnapps
White Curacao
Becherovka
Pimms

